=== Test Summary
NAME                 VALUE                   
───────────────────  ────────────────────────
Outcome              Failed                  
Tests Ran            181                     
Pass Rate            69%                     
Fail Rate            31%                     
Skip Rate            0%                      
Test Run Id          7079b000018Xw7G         
Test Execution Time  119647 ms               
Org Id               00D0C0000000mvgUAA      
Username             rob.mockler@boi.com.r1qa


=== Test Results
TEST NAME                                                                                         OUTCOME  MESSAGE                                                                                                                                                                       RUNTIME (MS)
────────────────────────────────────────────────────────────────────────────────────────────────  ───────  ────────────────────────────────────────────────────────────────────────────────────────────────────────────────────────────────────────────────────────────────────────────  ────────────
cm_AuditLogReportTest.getOrgWideAddressIdTest                                                     Pass                                                                                                                                                                                   1509        
cm_AuditLogReportTest.invalidEmailRecipients                                                      Pass                                                                                                                                                                                   386         
CM_CRIFGatewayCCRInvokeServiceTest.Setup                                                          Fail     System.DmlException: Insert failed. First exception on row 0; first error: REQUIRED_FIELD_MISSING, Required fields are missing: [LLC_BI__Account__c]: [LLC_BI__Account__c]    
                                                                                                           Class.cm_TestDataFactory.createLegalEntity: line 256, column 1                                                                                                                
                                                                                                           Class.CM_CRIFGatewayCCRInvokeServiceTest.Setup: line 91, column 1                                                                                                                         
CM_CRIFGatewayCCRInvokeServiceTest.testCCRForSoleTrader                                           Fail     System.DmlException: Insert failed. First exception on row 0; first error: REQUIRED_FIELD_MISSING, Required fields are missing: [LLC_BI__Account__c]: [LLC_BI__Account__c]    
                                                                                                           Class.cm_TestDataFactory.createLegalEntity: line 256, column 1                                                                                                                
                                                                                                           Class.CM_CRIFGatewayCCRInvokeServiceTest.Setup: line 91, column 1                                                                                                                         
CM_CRIFGatewayCCRInvokeServiceTest.testCCRForUnregPartnership                                     Fail     System.DmlException: Insert failed. First exception on row 0; first error: REQUIRED_FIELD_MISSING, Required fields are missing: [LLC_BI__Account__c]: [LLC_BI__Account__c]    
                                                                                                           Class.cm_TestDataFactory.createLegalEntity: line 256, column 1                                                                                                                
                                                                                                           Class.CM_CRIFGatewayCCRInvokeServiceTest.Setup: line 91, column 1                                                                                                                         
MyProfilePageControllerTest.testSave                                                              Pass                                                                                                                                                                                   495         
MicrobatchSelfRegControllerTest.testMicrobatchSelfRegController                                   Pass                                                                                                                                                                                   32          
cm_ERS_WrapperTest.getUnitTestERSRequestWrapper                                                   Pass                                                                                                                                                                                   14          
cm_ERS_WrapperTest.getUnitTestERSResponseWrapper                                                  Pass                                                                                                                                                                                   8           
CM_CreditActionRequestTest.buildInformation                                                       Fail     System.DmlException: Insert failed. First exception on row 0; first error: FIELD_CUSTOM_VALIDATION_EXCEPTION, Complete this field with format 31/12/2024.: [PersonBirthdate]  
                                                                                                           Class.CM_CreditActionRequestTest.buildInformation: line 18, column 1                                                                                                                      
CM_CreditActionRequestTest.performActionResponseTest                                              Fail     System.DmlException: Insert failed. First exception on row 0; first error: FIELD_CUSTOM_VALIDATION_EXCEPTION, Complete this field with format 31/12/2024.: [PersonBirthdate]  
                                                                                                           Class.CM_CreditActionRequestTest.buildInformation: line 18, column 1                                                                                                                      
CM_CreditActionRequestTest.performCreditActionTestAsyncFalse                                      Fail     System.DmlException: Insert failed. First exception on row 0; first error: FIELD_CUSTOM_VALIDATION_EXCEPTION, Complete this field with format 31/12/2024.: [PersonBirthdate]  
                                                                                                           Class.CM_CreditActionRequestTest.buildInformation: line 18, column 1                                                                                                                      
CM_CreditActionRequestTest.performCreditActionTestAsyncTrue                                       Fail     System.DmlException: Insert failed. First exception on row 0; first error: FIELD_CUSTOM_VALIDATION_EXCEPTION, Complete this field with format 31/12/2024.: [PersonBirthdate]  
                                                                                                           Class.CM_CreditActionRequestTest.buildInformation: line 18, column 1                                                                                                                      
FinancialUtilsTest.testCalculateMonthlyPmt                                                        Pass                                                                                                                                                                                   16          
CM_MergeRelationshipInvocableTest.setupTestData                                                   Fail     System.DmlException: Insert failed. First exception on row 0; first error: FIELD_CUSTOM_VALIDATION_EXCEPTION, Complete this field with format 31/12/2024.: [PersonBirthdate]  
                                                                                                           Class.CM_MergeRelationshipInvocableTest.setupTestData: line 17, column 1                                                                                                                  
CM_MergeRelationshipInvocableTest.testPerformRelationshipMerge                                    Fail     System.DmlException: Insert failed. First exception on row 0; first error: FIELD_CUSTOM_VALIDATION_EXCEPTION, Complete this field with format 31/12/2024.: [PersonBirthdate]  
                                                                                                           Class.CM_MergeRelationshipInvocableTest.setupTestData: line 17, column 1                                                                                                                  
CM_MergeRelationshipInvocableTest.testPerformRelationshipMergeWithException                       Fail     System.DmlException: Insert failed. First exception on row 0; first error: FIELD_CUSTOM_VALIDATION_EXCEPTION, Complete this field with format 31/12/2024.: [PersonBirthdate]  
                                                                                                           Class.CM_MergeRelationshipInvocableTest.setupTestData: line 17, column 1                                                                                                                  
cm_CreditDecisionTimerBatchTest.setupTestData                                                     Pass                                                                                                                                                                                   3445        
cm_CreditDecisionTimerBatchTest.testBatchExecution                                                Pass                                                                                                                                                                                   1349        
cm_CreditDecisionTimerBatchTest.testSchedulableExecution                                          Pass                                                                                                                                                                                   493         
cm_CreditDecisionTimerBatchTest.testWithNoEligibleLoans                                           Pass                                                                                                                                                                                   596         
CM_ERS_API_CalloutTest.testdatasetup                                                              Pass                                                                                                                                                                                   1159        
CM_ERS_API_CalloutTest.createInputVar                                                             Pass                                                                                                                                                                                   8           
CM_ERS_API_CalloutTest.performERSCallExceptionTest                                                Pass                                                                                                                                                                                   1015        
CM_ERS_API_CalloutTest.performERSCallFailTest                                                     Pass                                                                                                                                                                                   162         
CM_ERS_API_CalloutTest.performERSCallMockTest                                                     Pass                                                                                                                                                                                   14          
CM_ERS_API_CalloutTest.performERSCallSuccessTest                                                  Pass                                                                                                                                                                                   170         
CM_JwtAuthProvidorTest.extractJsonField                                                           Pass                                                                                                                                                                                   31          
CM_JwtAuthProvidorTest.requestAccessTokenTest                                                     Pass                                                                                                                                                                                   56          
CM_JwtAuthProvidorTest.requestAccessTokenTestException                                            Pass                                                                                                                                                                                   230         
CM_JwtAuthProvidorTest.requestAccessTokenTestFail                                                 Pass                                                                                                                                                                                   670         
UserInterfaceLookupKeyUtilityTest.lookupKeyTestDriver                                             Pass                                                                                                                                                                                   3466        
UserInterfaceLookupKeyUtilityTest.lookupKeyTestDriver2                                            Pass                                                                                                                                                                                   1763        
UserInterfaceLookupKeyUtilityTest.lookupKeyTestDriver3                                            Pass                                                                                                                                                                                   1712        
nCino_ColleagueActivityHelperTest.setupTestData                                                   Pass                                                                                                                                                                                   1296        
nCino_ColleagueActivityHelperTest.testCreateNewActivity                                           Pass                                                                                                                                                                                   1535        
nCino_ColleagueActivityHelperTest.testCreateNewActivity_InvalidLoanId                             Pass                                                                                                                                                                                   27          
nCino_ColleagueActivityHelperTest.testCreateNewActivity_NoClosedActivities                        Pass                                                                                                                                                                                   32          
nCino_ColleagueActivityHelperTest.testUpdateActivityEndTime                                       Pass                                                                                                                                                                                   310         
nCino_ColleagueActivityHelperTest.testUpdateActivityEndTime_NoActiveRecord                        Pass                                                                                                                                                                                   23          
UserInterfaceDeepCloneTest.cloneTestDriver                                                        Pass                                                                                                                                                                                   3490        
UserInterfaceDeepCloneTest.cloneTestDriver2                                                       Pass                                                                                                                                                                                   2485        
UserInterfaceDeepCloneTest.cloneTestError2Driver                                                  Pass                                                                                                                                                                                   76          
UserInterfaceDeepCloneTest.cloneTestErrorDriver                                                   Pass                                                                                                                                                                                   569         
UserInterfaceDeepCloneTest.cloneTestKeyErrorDriver                                                Pass                                                                                                                                                                                   2540        
cm_ShermanTest.testAmortizationData                                                               Pass                                                                                                                                                                                   20          
cm_ShermanTest.testAmortizationRecord                                                             Pass                                                                                                                                                                                   4           
cm_ShermanTest.testShermanCalc                                                                    Pass                                                                                                                                                                                   130         
cm_ShermanTest.testShermanSubTotal                                                                Pass                                                                                                                                                                                   4           
cm_ShermanTest.testWrappers                                                                       Pass                                                                                                                                                                                   4           
UIRemoveGroupControllerTest.groupRedirectSuccess1                                                 Pass                                                                                                                                                                                   1951        
SiteRegisterControllerTest.testRegistration                                                       Pass                                                                                                                                                                                   19          
CM_CRIFDirectorNIndividualWrapperTest.testCM_CRIFDirectorNIndWrap                                 Pass                                                                                                                                                                                   27          
cm_AutomaticExposureCalculationtTest.testdatasetup                                                Fail     System.DmlException: Insert failed. First exception on row 0; first error: FIELD_CUSTOM_VALIDATION_EXCEPTION, Complete this field with format 31/12/2024.: [PersonBirthdate]  
                                                                                                           Class.cm_AutomaticExposureCalculationtTest.testdatasetup: line 20, column 1                                                                                                               
cm_AutomaticExposureCalculationtTest.performExposureCalculation                                   Fail     System.DmlException: Insert failed. First exception on row 0; first error: FIELD_CUSTOM_VALIDATION_EXCEPTION, Complete this field with format 31/12/2024.: [PersonBirthdate]  
                                                                                                           Class.cm_AutomaticExposureCalculationtTest.testdatasetup: line 20, column 1                                                                                                               
TestClassTypeProvider.basic                                                                       Pass                                                                                                                                                                                   29          
UserInterfaceRecordOwnerUtilityTest.setup                                                         Pass                                                                                                                                                                                   4277        
UserInterfaceRecordOwnerUtilityTest.recordOwnerTestDriver1                                        Pass                                                                                                                                                                                   2048        
UserInterfaceRecordOwnerUtilityTest.recordOwnerTestDriver2                                        Pass                                                                                                                                                                                   2273        
UserInterfaceRecordOwnerUtilityTest.recordOwnerTestDriver3                                        Pass                                                                                                                                                                                   1293        
UserInterfaceRecordOwnerUtilityTest.recordOwnerTestDriver4                                        Pass                                                                                                                                                                                   1015        
CommunitiesLandingControllerTest.testCommunitiesLandingController                                 Pass                                                                                                                                                                                   25          
cm_BookingBatchSchedulerControllerTest.Setup                                                      Pass                                                                                                                                                                                   1056        
cm_BookingBatchSchedulerControllerTest.checkRunningSchedulerTest                                  Pass                                                                                                                                                                                   8732        
cm_BookingBatchSchedulerControllerTest.csvFileLocationTest                                        Pass                                                                                                                                                                                   42          
cm_BookingBatchSchedulerControllerTest.getBookingScheduleTest                                     Pass                                                                                                                                                                                   85          
cm_BookingBatchSchedulerControllerTest.holidayList                                                Pass                                                                                                                                                                                   139         
cm_BookingBatchSchedulerControllerTest.nullHolidayList                                            Pass                                                                                                                                                                                   112         
cm_BookingBatchSchedulerControllerTest.returnHolidayURLTest                                       Pass                                                                                                                                                                                   8           
cm_BookingBatchSchedulerControllerTest.runSchedulerTest                                           Pass                                                                                                                                                                                   17366       
ChangePasswordControllerTest.testChangePasswordController                                         Pass                                                                                                                                                                                   15          
cm_BookingBatchSchedulerTest.adhocSchedule                                                        Pass                                                                                                                                                                                   2942        
cm_BookingBatchSchedulerTest.adhocScheduleFailed                                                  Pass                                                                                                                                                                                   246         
cm_BookingBatchSchedulerTest.containsHoliday                                                      Pass                                                                                                                                                                                   7154        
cm_BookingBatchSchedulerTest.schedule                                                             Pass                                                                                                                                                                                   7114        
cm_BookingBatchSchedulerTest.scheduleFailed                                                       Pass                                                                                                                                                                                   11455       
cm_BookingBatchSchedulerTest.scheduleJobExecuteMethodFail                                         Pass                                                                                                                                                                                   230         
cm_BookingBatchSchedulerTest.scheduledRunAbort                                                    Pass                                                                                                                                                                                   15106       
CM_CRIFCompanyReportPDFControllerTest.testRetnCRPDF                                               Fail     System.DmlException: Insert failed. First exception on row 0; first error: FIELD_CUSTOM_VALIDATION_EXCEPTION, Complete this field with format 31/12/2024.: [PersonBirthdate]  
                                                                                                           Class.CM_CRIFCompanyReportPDFControllerTest.testRetnCRPDF: line 38, column 1                                                                                                              
CM_CRIFCompanyReportPDFControllerTest.testRetnCRPDFWithErrRes                                     Fail     System.DmlException: Insert failed. First exception on row 0; first error: FIELD_CUSTOM_VALIDATION_EXCEPTION, Complete this field with format 31/12/2024.: [PersonBirthdate]  
                                                                                                           Class.CM_CRIFCompanyReportPDFControllerTest.testRetnCRPDFWithErrRes: line 88, column 1                                                                                                    
CM_CRIFCompanyReportPDFControllerTest.testRetnCRPDFWithNoID                                       Pass                                                                                                                                                                                   380         
SiteLoginControllerTest.testSiteLoginController                                                   Pass                                                                                                                                                                                   15          
CommunitiesSelfRegControllerTest.testCommunitiesSelfRegController                                 Pass                                                                                                                                                                                   22          
RecalculateRelationshipStatsTest.driver                                                           Pass                                                                                                                                                                                   242         
CommunitiesSelfRegConfirmControllerTest.testCommunitiesSelfRegConfirmController                   Pass                                                                                                                                                                                   10          
CommunitiesLoginControllerTest.testCommunitiesLoginController                                     Pass                                                                                                                                                                                   12          
CM_CRIFCRDocumentUploadTest.testUpldCROnDocWithNoID                                               Pass                                                                                                                                                                                   592         
CM_CRIFCRDocumentUploadTest.testUpldCROnDocWithNoPH                                               Fail     System.DmlException: Insert failed. First exception on row 0; first error: FIELD_CUSTOM_VALIDATION_EXCEPTION, Complete this field with format 31/12/2024.: [PersonBirthdate]  
                                                                                                           Class.CM_CRIFCRDocumentUploadTest.createTestAccount: line 14, column 1                                                                                                        
                                                                                                           Class.CM_CRIFCRDocumentUploadTest.testUpldCROnDocWithNoPH: line 98, column 1                                                                                                              
CM_CRIFCRDocumentUploadTest.testUpldCROndocWithEx                                                 Pass                                                                                                                                                                                   156         
CM_CRIFCRDocumentUploadTest.testUploadCROndoc                                                     Fail     System.DmlException: Insert failed. First exception on row 0; first error: FIELD_CUSTOM_VALIDATION_EXCEPTION, Complete this field with format 31/12/2024.: [PersonBirthdate]  
                                                                                                           Class.CM_CRIFCRDocumentUploadTest.createTestAccount: line 14, column 1                                                                                                        
                                                                                                           Class.CM_CRIFCRDocumentUploadTest.testUploadCROndoc: line 46, column 1                                                                                                                    
cm_AWSServiceTest.testERS_RISK_API                                                                Pass                                                                                                                                                                                   1722        
cm_AWSServiceTest.testExportFileInS3                                                              Pass                                                                                                                                                                                   530         
cm_AWSServiceTest.testRetryAWSCall                                                                Pass                                                                                                                                                                                   437         
cm_AWSServiceTest.testRetryAWSCallNotAvailable                                                    Pass                                                                                                                                                                                   355         
cm_PortalLoginScreenControllerTest.testCaptureURLOnLoad                                           Pass                                                                                                                                                                                   57          
cm_PortalLoginScreenControllerTest.testFinishLoginFlowHome                                        Fail     System.DmlException: Insert failed. First exception on row 0; first error: FIELD_CUSTOM_VALIDATION_EXCEPTION, Complete this field with format 31/12/2024.: [PersonBirthdate]  
                                                                                                           Class.cm_PortalLoginScreenControllerTest.testFinishLoginFlowHome: line 77, column 1                                                                                                       
cm_PortalLoginScreenControllerTest.testUpdateUser                                                 Fail     System.DmlException: Insert failed. First exception on row 0; first error: FIELD_CUSTOM_VALIDATION_EXCEPTION, Complete this field with format 31/12/2024.: [PersonBirthdate]  
                                                                                                           Class.cm_PortalLoginScreenControllerTest.testUpdateUser: line 35, column 1                                                                                                                
cm_PortalLoginScreenControllerTest.testWindowsloadFinishLoginFlowHome                             Fail     System.DmlException: Insert failed. First exception on row 0; first error: FIELD_CUSTOM_VALIDATION_EXCEPTION, Complete this field with format 31/12/2024.: [PersonBirthdate]  
                                                                                                           Class.cm_PortalLoginScreenControllerTest.testWindowsloadFinishLoginFlowHome: line 143, column 1                                                                                           
SEL_IntegrationsTransformService_TEST.constructorError                                            Pass                                                                                                                                                                                   30          
SEL_IntegrationsTransformService_TEST.constructorNormal                                           Pass                                                                                                                                                                                   53          
SEL_IntegrationsTransformService_TEST.getEndpoint                                                 Pass                                                                                                                                                                                   10          
SEL_IntegrationsTransformService_TEST.getHeaders                                                  Pass                                                                                                                                                                                   8           
SEL_IntegrationsTransformService_TEST.groupValuesByTypeEndPoint                                   Pass                                                                                                                                                                                   8           
SEL_IntegrationsTransformService_TEST.groupValuesByTypeHeader                                     Pass                                                                                                                                                                                   6           
cm_UtilitiesTest.testAddBussinessDays                                                             Pass                                                                                                                                                                                   1001        
cm_UtilitiesTest.testAddBussinessDaysWeekend                                                      Pass                                                                                                                                                                                   132         
cm_UtilitiesTest.testCalculateAge                                                                 Pass                                                                                                                                                                                   7           
cm_UtilitiesTest.testCalculateAgeFail                                                             Pass                                                                                                                                                                                   242         
cm_UtilitiesTest.testFormatDate                                                                   Pass                                                                                                                                                                                   59          
cm_UtilitiesTest.testGenerateExtraChar                                                            Pass                                                                                                                                                                                   3           
cm_UtilitiesTest.testGenerateExtraCharFail                                                        Pass                                                                                                                                                                                   131         
cm_UtilitiesTest.testGetAllTransformationSetting                                                  Pass                                                                                                                                                                                   35          
cm_UtilitiesTest.testGetMetadataRecords                                                           Pass                                                                                                                                                                                   15          
cm_UtilitiesTest.testGetSettings                                                                  Pass                                                                                                                                                                                   57          
cm_UtilitiesTest.testReplaceReservedKeywords                                                      Pass                                                                                                                                                                                   6           
cm_UtilitiesTest.testReplaceReservedKeywordsFail                                                  Pass                                                                                                                                                                                   518         
cm_UtilitiesTest.testRetainReservedKeywords                                                       Pass                                                                                                                                                                                   12          
cm_UtilitiesTest.testRetainReservedKeywordsFail                                                   Pass                                                                                                                                                                                   632         
SEL_IntegrationsSelector_TEST.selectByDeveloperName                                               Pass                                                                                                                                                                                   55          
cm_RCC_CopyTTMtoValidforCalcBatchTest.testBatch                                                   Fail     System.DmlException: Insert failed. First exception on row 0; first error: FIELD_CUSTOM_VALIDATION_EXCEPTION, Complete this field with format 31/12/2024.: [PersonBirthdate]  
                                                                                                           Class.cm_RCC_CopyTTMtoValidforCalcBatchTest.testBatch: line 14, column 1                                                                                                                  
SEL_CoreConstants_TEST.getUnitTest                                                                Pass                                                                                                                                                                                   27          
cm_BookingBatchTest.Setup                                                                         Fail     System.DmlException: Insert failed. First exception on row 0; first error: REQUIRED_FIELD_MISSING, Required fields are missing: [LLC_BI__Account__c]: [LLC_BI__Account__c]    
                                                                                                           Class.cm_TestDataFactory.createLegalEntity: line 256, column 1                                                                                                                
                                                                                                           Class.cm_BookingBatchTest.Setup: line 178, column 1                                                                                                                                       
cm_BookingBatchTest.LendingAmount1M                                                               Fail     System.DmlException: Insert failed. First exception on row 0; first error: REQUIRED_FIELD_MISSING, Required fields are missing: [LLC_BI__Account__c]: [LLC_BI__Account__c]    
                                                                                                           Class.cm_TestDataFactory.createLegalEntity: line 256, column 1                                                                                                                
                                                                                                           Class.cm_BookingBatchTest.Setup: line 178, column 1                                                                                                                                       
cm_BookingBatchTest.LendingAmount800k                                                             Fail     System.DmlException: Insert failed. First exception on row 0; first error: REQUIRED_FIELD_MISSING, Required fields are missing: [LLC_BI__Account__c]: [LLC_BI__Account__c]    
                                                                                                           Class.cm_TestDataFactory.createLegalEntity: line 256, column 1                                                                                                                
                                                                                                           Class.cm_BookingBatchTest.Setup: line 178, column 1                                                                                                                                       
cm_BookingBatchTest.LendingAmountBelow120k                                                        Fail     System.DmlException: Insert failed. First exception on row 0; first error: REQUIRED_FIELD_MISSING, Required fields are missing: [LLC_BI__Account__c]: [LLC_BI__Account__c]    
                                                                                                           Class.cm_TestDataFactory.createLegalEntity: line 256, column 1                                                                                                                
                                                                                                           Class.cm_BookingBatchTest.Setup: line 178, column 1                                                                                                                                       
cm_BookingBatchTest.LendingAmountZero                                                             Fail     System.DmlException: Insert failed. First exception on row 0; first error: REQUIRED_FIELD_MISSING, Required fields are missing: [LLC_BI__Account__c]: [LLC_BI__Account__c]    
                                                                                                           Class.cm_TestDataFactory.createLegalEntity: line 256, column 1                                                                                                                
                                                                                                           Class.cm_BookingBatchTest.Setup: line 178, column 1                                                                                                                                       
cm_BookingBatchTest.devCustomerType                                                               Fail     System.DmlException: Insert failed. First exception on row 0; first error: REQUIRED_FIELD_MISSING, Required fields are missing: [LLC_BI__Account__c]: [LLC_BI__Account__c]    
                                                                                                           Class.cm_TestDataFactory.createLegalEntity: line 256, column 1                                                                                                                
                                                                                                           Class.cm_BookingBatchTest.Setup: line 178, column 1                                                                                                                                       
cm_BookingBatchTest.fieldNameNotLedger                                                            Fail     System.DmlException: Insert failed. First exception on row 0; first error: REQUIRED_FIELD_MISSING, Required fields are missing: [LLC_BI__Account__c]: [LLC_BI__Account__c]    
                                                                                                           Class.cm_TestDataFactory.createLegalEntity: line 256, column 1                                                                                                                
                                                                                                           Class.cm_BookingBatchTest.Setup: line 178, column 1                                                                                                                                       
cm_BookingBatchTest.getLendingOfficerCodeLocNumberTest                                            Fail     System.DmlException: Insert failed. First exception on row 0; first error: REQUIRED_FIELD_MISSING, Required fields are missing: [LLC_BI__Account__c]: [LLC_BI__Account__c]    
                                                                                                           Class.cm_TestDataFactory.createLegalEntity: line 256, column 1                                                                                                                
                                                                                                           Class.cm_BookingBatchTest.Setup: line 178, column 1                                                                                                                                       
cm_BookingBatchTest.mdtChildObjAndChildFieldNotNull                                               Fail     System.DmlException: Insert failed. First exception on row 0; first error: REQUIRED_FIELD_MISSING, Required fields are missing: [LLC_BI__Account__c]: [LLC_BI__Account__c]    
                                                                                                           Class.cm_TestDataFactory.createLegalEntity: line 256, column 1                                                                                                                
                                                                                                           Class.cm_BookingBatchTest.Setup: line 178, column 1                                                                                                                                       
cm_BookingBatchTest.mdtParentObjAndFieldNotNull                                                   Fail     System.DmlException: Insert failed. First exception on row 0; first error: REQUIRED_FIELD_MISSING, Required fields are missing: [LLC_BI__Account__c]: [LLC_BI__Account__c]    
                                                                                                           Class.cm_TestDataFactory.createLegalEntity: line 256, column 1                                                                                                                
                                                                                                           Class.cm_BookingBatchTest.Setup: line 178, column 1                                                                                                                                       
cm_BookingBatchTest.mdtSourceFieldNotNull                                                         Fail     System.DmlException: Insert failed. First exception on row 0; first error: REQUIRED_FIELD_MISSING, Required fields are missing: [LLC_BI__Account__c]: [LLC_BI__Account__c]    
                                                                                                           Class.cm_TestDataFactory.createLegalEntity: line 256, column 1                                                                                                                
                                                                                                           Class.cm_BookingBatchTest.Setup: line 178, column 1                                                                                                                                       
cm_BookingBatchTest.mdtSourceParentChildDateTypeIsNull                                            Fail     System.DmlException: Insert failed. First exception on row 0; first error: REQUIRED_FIELD_MISSING, Required fields are missing: [LLC_BI__Account__c]: [LLC_BI__Account__c]    
                                                                                                           Class.cm_TestDataFactory.createLegalEntity: line 256, column 1                                                                                                                
                                                                                                           Class.cm_BookingBatchTest.Setup: line 178, column 1                                                                                                                                       
cm_BookingBatchTest.parentObjectContainsDot                                                       Fail     System.DmlException: Insert failed. First exception on row 0; first error: REQUIRED_FIELD_MISSING, Required fields are missing: [LLC_BI__Account__c]: [LLC_BI__Account__c]    
                                                                                                           Class.cm_TestDataFactory.createLegalEntity: line 256, column 1                                                                                                                
                                                                                                           Class.cm_BookingBatchTest.Setup: line 178, column 1                                                                                                                                       
cm_BookingBatchTest.sourceFieldContainMonths                                                      Fail     System.DmlException: Insert failed. First exception on row 0; first error: REQUIRED_FIELD_MISSING, Required fields are missing: [LLC_BI__Account__c]: [LLC_BI__Account__c]    
                                                                                                           Class.cm_TestDataFactory.createLegalEntity: line 256, column 1                                                                                                                
                                                                                                           Class.cm_BookingBatchTest.Setup: line 178, column 1                                                                                                                                       
cm_BookingBatchTest.testCalculateAge                                                              Fail     System.DmlException: Insert failed. First exception on row 0; first error: REQUIRED_FIELD_MISSING, Required fields are missing: [LLC_BI__Account__c]: [LLC_BI__Account__c]    
                                                                                                           Class.cm_TestDataFactory.createLegalEntity: line 256, column 1                                                                                                                
                                                                                                           Class.cm_BookingBatchTest.Setup: line 178, column 1                                                                                                                                       
cm_BookingBatchTest.testChildFieldContainsDot                                                     Fail     System.DmlException: Insert failed. First exception on row 0; first error: REQUIRED_FIELD_MISSING, Required fields are missing: [LLC_BI__Account__c]: [LLC_BI__Account__c]    
                                                                                                           Class.cm_TestDataFactory.createLegalEntity: line 256, column 1                                                                                                                
                                                                                                           Class.cm_BookingBatchTest.Setup: line 178, column 1                                                                                                                                       
cm_BookingBatchTest.testChildFieldNotContainsDot                                                  Fail     System.DmlException: Insert failed. First exception on row 0; first error: REQUIRED_FIELD_MISSING, Required fields are missing: [LLC_BI__Account__c]: [LLC_BI__Account__c]    
                                                                                                           Class.cm_TestDataFactory.createLegalEntity: line 256, column 1                                                                                                                
                                                                                                           Class.cm_BookingBatchTest.Setup: line 178, column 1                                                                                                                                       
cm_BookingBatchTest.testCreateAttachment                                                          Fail     System.DmlException: Insert failed. First exception on row 0; first error: REQUIRED_FIELD_MISSING, Required fields are missing: [LLC_BI__Account__c]: [LLC_BI__Account__c]    
                                                                                                           Class.cm_TestDataFactory.createLegalEntity: line 256, column 1                                                                                                                
                                                                                                           Class.cm_BookingBatchTest.Setup: line 178, column 1                                                                                                                                       
cm_BookingBatchTest.testDebitInterestRate                                                         Fail     System.DmlException: Insert failed. First exception on row 0; first error: REQUIRED_FIELD_MISSING, Required fields are missing: [LLC_BI__Account__c]: [LLC_BI__Account__c]    
                                                                                                           Class.cm_TestDataFactory.createLegalEntity: line 256, column 1                                                                                                                
                                                                                                           Class.cm_BookingBatchTest.Setup: line 178, column 1                                                                                                                                       
cm_BookingBatchTest.testDebitRateCode                                                             Fail     System.DmlException: Insert failed. First exception on row 0; first error: REQUIRED_FIELD_MISSING, Required fields are missing: [LLC_BI__Account__c]: [LLC_BI__Account__c]    
                                                                                                           Class.cm_TestDataFactory.createLegalEntity: line 256, column 1                                                                                                                
                                                                                                           Class.cm_BookingBatchTest.Setup: line 178, column 1                                                                                                                                       
cm_BookingBatchTest.testDropDoubleQoutes                                                          Fail     System.DmlException: Insert failed. First exception on row 0; first error: REQUIRED_FIELD_MISSING, Required fields are missing: [LLC_BI__Account__c]: [LLC_BI__Account__c]    
                                                                                                           Class.cm_TestDataFactory.createLegalEntity: line 256, column 1                                                                                                                
                                                                                                           Class.cm_BookingBatchTest.Setup: line 178, column 1                                                                                                                                       
cm_BookingBatchTest.testFarmLoanAgri                                                              Fail     System.DmlException: Insert failed. First exception on row 0; first error: REQUIRED_FIELD_MISSING, Required fields are missing: [LLC_BI__Account__c]: [LLC_BI__Account__c]    
                                                                                                           Class.cm_TestDataFactory.createLegalEntity: line 256, column 1                                                                                                                
                                                                                                           Class.cm_BookingBatchTest.Setup: line 178, column 1                                                                                                                                       
cm_BookingBatchTest.testFarmLoanNotAgri                                                           Fail     System.DmlException: Insert failed. First exception on row 0; first error: REQUIRED_FIELD_MISSING, Required fields are missing: [LLC_BI__Account__c]: [LLC_BI__Account__c]    
                                                                                                           Class.cm_TestDataFactory.createLegalEntity: line 256, column 1                                                                                                                
                                                                                                           Class.cm_BookingBatchTest.Setup: line 178, column 1                                                                                                                                       
cm_BookingBatchTest.testLegalPrimaryFalse                                                         Fail     System.DmlException: Insert failed. First exception on row 0; first error: REQUIRED_FIELD_MISSING, Required fields are missing: [LLC_BI__Account__c]: [LLC_BI__Account__c]    
                                                                                                           Class.cm_TestDataFactory.createLegalEntity: line 256, column 1                                                                                                                
                                                                                                           Class.cm_BookingBatchTest.Setup: line 178, column 1                                                                                                                                       
cm_BookingBatchTest.testMarketClass                                                               Fail     System.DmlException: Insert failed. First exception on row 0; first error: REQUIRED_FIELD_MISSING, Required fields are missing: [LLC_BI__Account__c]: [LLC_BI__Account__c]    
                                                                                                           Class.cm_TestDataFactory.createLegalEntity: line 256, column 1                                                                                                                
                                                                                                           Class.cm_BookingBatchTest.Setup: line 178, column 1                                                                                                                                       
cm_BookingBatchTest.testMdtDefaultValueNotNull                                                    Fail     System.DmlException: Insert failed. First exception on row 0; first error: REQUIRED_FIELD_MISSING, Required fields are missing: [LLC_BI__Account__c]: [LLC_BI__Account__c]    
                                                                                                           Class.cm_TestDataFactory.createLegalEntity: line 256, column 1                                                                                                                
                                                                                                           Class.cm_BookingBatchTest.Setup: line 178, column 1                                                                                                                                       
cm_BookingBatchTest.testMultiLvlImplementation                                                    Fail     System.DmlException: Insert failed. First exception on row 0; first error: REQUIRED_FIELD_MISSING, Required fields are missing: [LLC_BI__Account__c]: [LLC_BI__Account__c]    
                                                                                                           Class.cm_TestDataFactory.createLegalEntity: line 256, column 1                                                                                                                
                                                                                                           Class.cm_BookingBatchTest.Setup: line 178, column 1                                                                                                                                       
cm_BookingBatchTest.testPopulateLedger                                                            Fail     System.DmlException: Insert failed. First exception on row 0; first error: REQUIRED_FIELD_MISSING, Required fields are missing: [LLC_BI__Account__c]: [LLC_BI__Account__c]    
                                                                                                           Class.cm_TestDataFactory.createLegalEntity: line 256, column 1                                                                                                                
                                                                                                           Class.cm_BookingBatchTest.Setup: line 178, column 1                                                                                                                                       
cm_BookingBatchTest.testSetColumnHeader                                                           Fail     System.DmlException: Insert failed. First exception on row 0; first error: REQUIRED_FIELD_MISSING, Required fields are missing: [LLC_BI__Account__c]: [LLC_BI__Account__c]    
                                                                                                           Class.cm_TestDataFactory.createLegalEntity: line 256, column 1                                                                                                                
                                                                                                           Class.cm_BookingBatchTest.Setup: line 178, column 1                                                                                                                                       
cm_BookingBatchTest.testSuccessBKKBatch                                                           Fail     System.DmlException: Insert failed. First exception on row 0; first error: REQUIRED_FIELD_MISSING, Required fields are missing: [LLC_BI__Account__c]: [LLC_BI__Account__c]    
                                                                                                           Class.cm_TestDataFactory.createLegalEntity: line 256, column 1                                                                                                                
                                                                                                           Class.cm_BookingBatchTest.Setup: line 178, column 1                                                                                                                                       
cm_BookingBatchTest.testUpdateLoanFields                                                          Fail     System.DmlException: Insert failed. First exception on row 0; first error: REQUIRED_FIELD_MISSING, Required fields are missing: [LLC_BI__Account__c]: [LLC_BI__Account__c]    
                                                                                                           Class.cm_TestDataFactory.createLegalEntity: line 256, column 1                                                                                                                
                                                                                                           Class.cm_BookingBatchTest.Setup: line 178, column 1                                                                                                                                       
ForgotPasswordControllerTest.testForgotPasswordController                                         Pass                                                                                                                                                                                   14          
LightningSelfRegisterControllerTest.LightningSelfRegisterControllerInstantiation                  Pass                                                                                                                                                                                   25          
LightningSelfRegisterControllerTest.testGetExtraFieldsInSelfRegistration                          Pass                                                                                                                                                                                   79          
LightningSelfRegisterControllerTest.testGetNonEmptyExtraFields                                    Pass                                                                                                                                                                                   11          
LightningSelfRegisterControllerTest.testGetNullExtraFields                                        Pass                                                                                                                                                                                   8           
LightningSelfRegisterControllerTest.testIsValidPassword                                           Pass                                                                                                                                                                                   3           
LightningSelfRegisterControllerTest.testSelfRegisterWithCreatedAccount                            Fail     System.DmlException: Insert failed. First exception on row 0; first error: FIELD_CUSTOM_VALIDATION_EXCEPTION, Complete this field with format 31/12/2024.: [PersonBirthdate]  
                                                                                                           Class.LightningSelfRegisterControllerTest.testSelfRegisterWithCreatedAccount: line 42, column 1                                                                                           
LightningSelfRegisterControllerTest.testSelfRegisterWithProperCredentials                         Pass                                                                                                                                                                                   8           
LightningSelfRegisterControllerTest.testSelfRegistration                                          Pass                                                                                                                                                                                   9           
LightningSelfRegisterControllerTest.testSiteAsContainerEnabled                                    Pass                                                                                                                                                                                   27          
LightningLoginFormControllerTest.LightningLoginFormControllerInstantiation                        Pass                                                                                                                                                                                   22          
LightningLoginFormControllerTest.testAuthConfig                                                   Pass                                                                                                                                                                                   24          
LightningLoginFormControllerTest.testGetSelfRegistrationURL                                       Pass                                                                                                                                                                                   8           
LightningLoginFormControllerTest.testIsSelfRegistrationEnabled                                    Pass                                                                                                                                                                                   8           
LightningLoginFormControllerTest.testIsUsernamePasswordEnabled                                    Pass                                                                                                                                                                                   31          
LightningLoginFormControllerTest.testLoginWithInvalidCredentials                                  Pass                                                                                                                                                                                   7           
cm_ExceptionLogTest.createlogattachmentfail                                                       Pass                                                                                                                                                                                   368         
cm_ExceptionLogTest.invocableTest                                                                 Pass                                                                                                                                                                                   232         
cm_ExceptionLogTest.invocableTestFail                                                             Pass                                                                                                                                                                                   166         
cm_ExceptionLogTest.log                                                                           Fail     System.AssertException: Assertion Failed: Expected: false, Actual: true                                                                                                       
                                                                                                           Class.cm_ExceptionLogTest.log: line 24, column 1                                                                                                                                          
cm_ExceptionLogTest.logErrorCode                                                                  Fail     System.AssertException: Assertion Failed: Expected: false, Actual: true                                                                                                       
                                                                                                           Class.cm_ExceptionLogTest.logErrorCode: line 66, column 1                                                                                                                                 
cm_ExceptionLogTest.logException                                                                  Fail     System.AssertException: Assertion Failed: Expected: false, Actual: true                                                                                                       
                                                                                                           Class.cm_ExceptionLogTest.logException: line 80, column 1                                                                                                                                 
cm_ExceptionLogTest.logString                                                                     Fail     System.AssertException: Assertion Failed: Expected: false, Actual: true                                                                                                       
                                                                                                           Class.cm_ExceptionLogTest.logString: line 50, column 1                                                                                                                                    
cm_ExceptionLogTest.logexceptionfail                                                              Fail     System.AssertException: Assertion Failed: Expected: false, Actual: true                                                                                                       
                                                                                                           Class.cm_ExceptionLogTest.logexceptionfail: line 37, column 1                                                                                                                             
cm_ExceptionLogTest.service_call                                                                  Pass                                                                                                                                                                                   1079        
cm_ExceptionLogTest.service_callFail                                                              Pass                                                                                                                                                                                   284         
LightningForgotPasswordControllerTest.LightningForgotPasswordControllerInstantiation              Pass                                                                                                                                                                                   15          
LightningForgotPasswordControllerTest.testLightningForgotPasswordControllerInvalidUserName        Pass                                                                                                                                                                                   6           
LightningForgotPasswordControllerTest.testLightningForgotPasswordControllerWithNullCheckEmailRef  Pass                                                                                                                                                                                   1           

